2020-04-02 07:33:49.542  INFO 1572 --- [main] b.a.project.application.Application      : Starting Application on WKS11918 with PID 1572 (C:\_development\switchfully\eurder\jar\target\classes started by Adrien.Helin in C:\_development\switchfully\eurder)
2020-04-02 07:33:49.550  INFO 1572 --- [main] b.a.project.application.Application      : No active profile set, falling back to default profiles: default
2020-04-02 07:33:50.262  INFO 1572 --- [main] o.s.b.w.embedded.tomcat.TomcatWebServer  : Tomcat initialized with port(s): 8080 (http)
2020-04-02 07:33:50.274  INFO 1572 --- [main] o.apache.catalina.core.StandardService   : Starting service [Tomcat]
2020-04-02 07:33:50.274  INFO 1572 --- [main] org.apache.catalina.core.StandardEngine  : Starting Servlet engine: [Apache Tomcat/9.0.33]
2020-04-02 07:33:50.386  INFO 1572 --- [main] o.a.c.c.C.[Tomcat].[localhost].[/]       : Initializing Spring embedded WebApplicationContext
2020-04-02 07:33:50.386  INFO 1572 --- [main] o.s.web.context.ContextLoader            : Root WebApplicationContext: initialization completed in 808 ms
2020-04-02 07:33:50.530  INFO 1572 --- [main] o.s.s.concurrent.ThreadPoolTaskExecutor  : Initializing ExecutorService 'applicationTaskExecutor'
2020-04-02 07:33:50.810  INFO 1572 --- [main] o.s.b.w.embedded.tomcat.TomcatWebServer  : Tomcat started on port(s): 8080 (http) with context path ''
2020-04-02 07:33:50.818  INFO 1572 --- [main] b.a.project.application.Application      : Started Application in 1.609 seconds (JVM running for 2.307)
2020-04-02 10:01:10.263  INFO 3856 --- [main] b.a.project.application.Application      : Starting Application on WKS11918 with PID 3856 (C:\_development\switchfully\eurder\jar\target\classes started by Adrien.Helin in C:\_development\switchfully\eurder)
2020-04-02 10:01:10.265  INFO 3856 --- [main] b.a.project.application.Application      : No active profile set, falling back to default profiles: default
2020-04-02 10:01:10.960  INFO 3856 --- [main] o.s.b.w.embedded.tomcat.TomcatWebServer  : Tomcat initialized with port(s): 8080 (http)
2020-04-02 10:01:10.966  INFO 3856 --- [main] o.apache.catalina.core.StandardService   : Starting service [Tomcat]
2020-04-02 10:01:10.966  INFO 3856 --- [main] org.apache.catalina.core.StandardEngine  : Starting Servlet engine: [Apache Tomcat/9.0.31]
2020-04-02 10:01:11.025  INFO 3856 --- [main] o.a.c.c.C.[Tomcat].[localhost].[/api]    : Initializing Spring embedded WebApplicationContext
2020-04-02 10:01:11.025  INFO 3856 --- [main] o.s.web.context.ContextLoader            : Root WebApplicationContext: initialization completed in 725 ms
2020-04-02 10:01:11.188  INFO 3856 --- [main] o.s.s.web.DefaultSecurityFilterChain     : Creating filter chain: any request, [org.springframework.security.web.context.request.async.WebAsyncManagerIntegrationFilter@65e21ce3, org.springframework.security.web.context.SecurityContextPersistenceFilter@3968bc60, org.springframework.security.web.header.HeaderWriterFilter@6069dd38, org.springframework.security.web.authentication.logout.LogoutFilter@623dcf2a, org.springframework.security.web.authentication.www.BasicAuthenticationFilter@467b684d, org.springframework.security.web.savedrequest.RequestCacheAwareFilter@227a47, org.springframework.security.web.servletapi.SecurityContextHolderAwareRequestFilter@65b97f47, org.springframework.security.web.authentication.AnonymousAuthenticationFilter@6c3659be, org.springframework.security.web.session.SessionManagementFilter@767a014e, org.springframework.security.web.access.ExceptionTranslationFilter@46c269e0, org.springframework.security.web.access.intercept.FilterSecurityInterceptor@7bc44ce8]
2020-04-02 10:01:11.238  INFO 3856 --- [main] o.s.s.concurrent.ThreadPoolTaskExecutor  : Initializing ExecutorService 'applicationTaskExecutor'
2020-04-02 10:01:11.436  INFO 3856 --- [main] o.s.b.w.embedded.tomcat.TomcatWebServer  : Tomcat started on port(s): 8080 (http) with context path '/api'
2020-04-02 10:01:11.439  INFO 3856 --- [main] b.a.project.application.Application      : Started Application in 1.431 seconds (JVM running for 1.91)
2020-04-02 10:01:23.792  INFO 3856 --- [http-nio-8080-exec-1] o.a.c.c.C.[Tomcat].[localhost].[/api]    : Initializing Spring DispatcherServlet 'dispatcherServlet'
2020-04-02 10:01:23.793  INFO 3856 --- [http-nio-8080-exec-1] o.s.web.servlet.DispatcherServlet        : Initializing Servlet 'dispatcherServlet'
2020-04-02 10:01:23.798  INFO 3856 --- [http-nio-8080-exec-1] o.s.web.servlet.DispatcherServlet        : Completed initialization in 5 ms
2020-04-02 10:02:08.328  INFO 1528 --- [main] b.a.project.application.Application      : Starting Application on WKS11918 with PID 1528 (C:\_development\switchfully\eurder\jar\target\classes started by Adrien.Helin in C:\_development\switchfully\eurder)
2020-04-02 10:02:08.330  INFO 1528 --- [main] b.a.project.application.Application      : No active profile set, falling back to default profiles: default
2020-04-02 10:02:08.992  INFO 1528 --- [main] o.s.b.w.embedded.tomcat.TomcatWebServer  : Tomcat initialized with port(s): 8080 (http)
2020-04-02 10:02:08.998  INFO 1528 --- [main] o.apache.catalina.core.StandardService   : Starting service [Tomcat]
2020-04-02 10:02:08.998  INFO 1528 --- [main] org.apache.catalina.core.StandardEngine  : Starting Servlet engine: [Apache Tomcat/9.0.31]
2020-04-02 10:02:09.053  INFO 1528 --- [main] o.a.c.c.C.[Tomcat].[localhost].[/api]    : Initializing Spring embedded WebApplicationContext
2020-04-02 10:02:09.054  INFO 1528 --- [main] o.s.web.context.ContextLoader            : Root WebApplicationContext: initialization completed in 685 ms
2020-04-02 10:02:09.201  INFO 1528 --- [main] o.s.s.web.DefaultSecurityFilterChain     : Creating filter chain: any request, [org.springframework.security.web.context.request.async.WebAsyncManagerIntegrationFilter@3dffc764, org.springframework.security.web.context.SecurityContextPersistenceFilter@5633ed82, org.springframework.security.web.header.HeaderWriterFilter@1e8ab90f, org.springframework.security.web.authentication.logout.LogoutFilter@6ede46f6, org.springframework.security.web.authentication.www.BasicAuthenticationFilter@6dd1c3ed, org.springframework.security.web.savedrequest.RequestCacheAwareFilter@6a094db2, org.springframework.security.web.servletapi.SecurityContextHolderAwareRequestFilter@48528634, org.springframework.security.web.authentication.AnonymousAuthenticationFilter@4b6e1c0, org.springframework.security.web.session.SessionManagementFilter@2d9dff65, org.springframework.security.web.access.ExceptionTranslationFilter@30364216, org.springframework.security.web.access.intercept.FilterSecurityInterceptor@80bfdc6]
2020-04-02 10:02:09.255  INFO 1528 --- [main] o.s.s.concurrent.ThreadPoolTaskExecutor  : Initializing ExecutorService 'applicationTaskExecutor'
2020-04-02 10:02:09.449  INFO 1528 --- [main] o.s.b.w.embedded.tomcat.TomcatWebServer  : Tomcat started on port(s): 8080 (http) with context path '/api'
2020-04-02 10:02:09.452  INFO 1528 --- [main] b.a.project.application.Application      : Started Application in 1.378 seconds (JVM running for 1.852)
2020-04-02 10:02:12.621  INFO 1528 --- [http-nio-8080-exec-1] o.a.c.c.C.[Tomcat].[localhost].[/api]    : Initializing Spring DispatcherServlet 'dispatcherServlet'
2020-04-02 10:02:12.622  INFO 1528 --- [http-nio-8080-exec-1] o.s.web.servlet.DispatcherServlet        : Initializing Servlet 'dispatcherServlet'
2020-04-02 10:02:12.628  INFO 1528 --- [http-nio-8080-exec-1] o.s.web.servlet.DispatcherServlet        : Completed initialization in 5 ms
2020-04-02 10:04:46.989  INFO 7880 --- [main] b.a.project.application.Application      : Starting Application on WKS11918 with PID 7880 (C:\_development\switchfully\eurder\jar\target\classes started by Adrien.Helin in C:\_development\switchfully\eurder)
2020-04-02 10:04:46.991  INFO 7880 --- [main] b.a.project.application.Application      : No active profile set, falling back to default profiles: default
2020-04-02 10:04:47.665  INFO 7880 --- [main] o.s.b.w.embedded.tomcat.TomcatWebServer  : Tomcat initialized with port(s): 8080 (http)
2020-04-02 10:04:47.670  INFO 7880 --- [main] o.apache.catalina.core.StandardService   : Starting service [Tomcat]
2020-04-02 10:04:47.671  INFO 7880 --- [main] org.apache.catalina.core.StandardEngine  : Starting Servlet engine: [Apache Tomcat/9.0.31]
2020-04-02 10:04:47.728  INFO 7880 --- [main] o.a.c.c.C.[Tomcat].[localhost].[/api]    : Initializing Spring embedded WebApplicationContext
2020-04-02 10:04:47.728  INFO 7880 --- [main] o.s.web.context.ContextLoader            : Root WebApplicationContext: initialization completed in 691 ms
2020-04-02 10:04:47.878  INFO 7880 --- [main] o.s.s.web.DefaultSecurityFilterChain     : Creating filter chain: any request, [org.springframework.security.web.context.request.async.WebAsyncManagerIntegrationFilter@1aad0b1, org.springframework.security.web.context.SecurityContextPersistenceFilter@70228253, org.springframework.security.web.header.HeaderWriterFilter@102ecc22, org.springframework.security.web.authentication.logout.LogoutFilter@3804a9a8, org.springframework.security.web.authentication.www.BasicAuthenticationFilter@7fe82967, org.springframework.security.web.savedrequest.RequestCacheAwareFilter@21bd20ee, org.springframework.security.web.servletapi.SecurityContextHolderAwareRequestFilter@43e9089, org.springframework.security.web.authentication.AnonymousAuthenticationFilter@c3edf4c, org.springframework.security.web.session.SessionManagementFilter@9596ce8, org.springframework.security.web.access.ExceptionTranslationFilter@433348bc, org.springframework.security.web.access.intercept.FilterSecurityInterceptor@337bbfdf]
2020-04-02 10:04:47.929  INFO 7880 --- [main] o.s.s.concurrent.ThreadPoolTaskExecutor  : Initializing ExecutorService 'applicationTaskExecutor'
2020-04-02 10:04:48.123  INFO 7880 --- [main] o.s.b.w.embedded.tomcat.TomcatWebServer  : Tomcat started on port(s): 8080 (http) with context path '/api'
2020-04-02 10:04:48.126  INFO 7880 --- [main] b.a.project.application.Application      : Started Application in 1.388 seconds (JVM running for 1.869)
2020-04-02 10:04:57.715  INFO 7880 --- [http-nio-8080-exec-1] o.a.c.c.C.[Tomcat].[localhost].[/api]    : Initializing Spring DispatcherServlet 'dispatcherServlet'
2020-04-02 10:04:57.715  INFO 7880 --- [http-nio-8080-exec-1] o.s.web.servlet.DispatcherServlet        : Initializing Servlet 'dispatcherServlet'
2020-04-02 10:04:57.720  INFO 7880 --- [http-nio-8080-exec-1] o.s.web.servlet.DispatcherServlet        : Completed initialization in 5 ms
2020-04-02 12:11:23.692  INFO 844 --- [main] b.a.project.application.Application      : Starting Application on WKS11918 with PID 844 (C:\_development\switchfully\eurder\jar\target\classes started by Adrien.Helin in C:\_development\switchfully\eurder)
2020-04-02 12:11:23.695  INFO 844 --- [main] b.a.project.application.Application      : No active profile set, falling back to default profiles: default
2020-04-02 12:11:24.344  INFO 844 --- [main] o.s.b.w.embedded.tomcat.TomcatWebServer  : Tomcat initialized with port(s): 8080 (http)
2020-04-02 12:11:24.350  INFO 844 --- [main] o.apache.catalina.core.StandardService   : Starting service [Tomcat]
2020-04-02 12:11:24.350  INFO 844 --- [main] org.apache.catalina.core.StandardEngine  : Starting Servlet engine: [Apache Tomcat/9.0.31]
2020-04-02 12:11:24.409  INFO 844 --- [main] o.a.c.c.C.[Tomcat].[localhost].[/api]    : Initializing Spring embedded WebApplicationContext
2020-04-02 12:11:24.409  INFO 844 --- [main] o.s.web.context.ContextLoader            : Root WebApplicationContext: initialization completed in 687 ms
2020-04-02 12:11:24.575  INFO 844 --- [main] o.s.s.web.DefaultSecurityFilterChain     : Creating filter chain: any request, [org.springframework.security.web.context.request.async.WebAsyncManagerIntegrationFilter@75de29c0, org.springframework.security.web.context.SecurityContextPersistenceFilter@46963479, org.springframework.security.web.header.HeaderWriterFilter@895416d, org.springframework.security.web.authentication.logout.LogoutFilter@4f0f7849, org.springframework.security.web.authentication.www.BasicAuthenticationFilter@70887727, org.springframework.security.web.savedrequest.RequestCacheAwareFilter@6dd1c3ed, org.springframework.security.web.servletapi.SecurityContextHolderAwareRequestFilter@654c7d2d, org.springframework.security.web.authentication.AnonymousAuthenticationFilter@fc807c1, org.springframework.security.web.session.SessionManagementFilter@5f7989fa, org.springframework.security.web.access.ExceptionTranslationFilter@2f5ac102, org.springframework.security.web.access.intercept.FilterSecurityInterceptor@726aa968]
2020-04-02 12:11:24.626  INFO 844 --- [main] o.s.s.concurrent.ThreadPoolTaskExecutor  : Initializing ExecutorService 'applicationTaskExecutor'
2020-04-02 12:11:24.826  INFO 844 --- [main] o.s.b.w.embedded.tomcat.TomcatWebServer  : Tomcat started on port(s): 8080 (http) with context path '/api'
2020-04-02 12:11:24.829  INFO 844 --- [main] b.a.project.application.Application      : Started Application in 1.507 seconds (JVM running for 2.487)
2020-04-02 12:11:31.205  INFO 844 --- [http-nio-8080-exec-1] o.a.c.c.C.[Tomcat].[localhost].[/api]    : Initializing Spring DispatcherServlet 'dispatcherServlet'
2020-04-02 12:11:31.207  INFO 844 --- [http-nio-8080-exec-1] o.s.web.servlet.DispatcherServlet        : Initializing Servlet 'dispatcherServlet'
2020-04-02 12:11:31.212  INFO 844 --- [http-nio-8080-exec-1] o.s.web.servlet.DispatcherServlet        : Completed initialization in 5 ms
2020-04-02 12:44:28.215  INFO 7712 --- [main] b.a.project.application.Application      : Starting Application on WKS11918 with PID 7712 (C:\_development\switchfully\eurder\jar\target\classes started by Adrien.Helin in C:\_development\switchfully\eurder)
2020-04-02 12:44:28.218  INFO 7712 --- [main] b.a.project.application.Application      : No active profile set, falling back to default profiles: default
2020-04-02 12:44:28.879  INFO 7712 --- [main] o.s.b.w.embedded.tomcat.TomcatWebServer  : Tomcat initialized with port(s): 8080 (http)
2020-04-02 12:44:28.885  INFO 7712 --- [main] o.apache.catalina.core.StandardService   : Starting service [Tomcat]
2020-04-02 12:44:28.885  INFO 7712 --- [main] org.apache.catalina.core.StandardEngine  : Starting Servlet engine: [Apache Tomcat/9.0.31]
2020-04-02 12:44:28.941  INFO 7712 --- [main] o.a.c.c.C.[Tomcat].[localhost].[/api]    : Initializing Spring embedded WebApplicationContext
2020-04-02 12:44:28.941  INFO 7712 --- [main] o.s.web.context.ContextLoader            : Root WebApplicationContext: initialization completed in 687 ms
2020-04-02 12:44:29.101  INFO 7712 --- [main] o.s.s.web.DefaultSecurityFilterChain     : Creating filter chain: any request, [org.springframework.security.web.context.request.async.WebAsyncManagerIntegrationFilter@70887727, org.springframework.security.web.context.SecurityContextPersistenceFilter@e84fb85, org.springframework.security.web.header.HeaderWriterFilter@7aac8884, org.springframework.security.web.authentication.logout.LogoutFilter@1a2bcd56, org.springframework.security.web.authentication.www.BasicAuthenticationFilter@5a6d30e2, org.springframework.security.web.savedrequest.RequestCacheAwareFilter@646c0a67, org.springframework.security.web.servletapi.SecurityContextHolderAwareRequestFilter@e57e5d6, org.springframework.security.web.authentication.AnonymousAuthenticationFilter@56da7487, org.springframework.security.web.session.SessionManagementFilter@623dcf2a, org.springframework.security.web.access.ExceptionTranslationFilter@3c5dbdf8, org.springframework.security.web.access.intercept.FilterSecurityInterceptor@5fcfde70]
2020-04-02 12:44:29.152  INFO 7712 --- [main] o.s.s.concurrent.ThreadPoolTaskExecutor  : Initializing ExecutorService 'applicationTaskExecutor'
2020-04-02 12:44:29.350  INFO 7712 --- [main] o.s.b.w.embedded.tomcat.TomcatWebServer  : Tomcat started on port(s): 8080 (http) with context path '/api'
2020-04-02 12:44:29.353  INFO 7712 --- [main] b.a.project.application.Application      : Started Application in 1.427 seconds (JVM running for 1.884)
2020-04-02 12:44:37.098  INFO 7712 --- [http-nio-8080-exec-1] o.a.c.c.C.[Tomcat].[localhost].[/api]    : Initializing Spring DispatcherServlet 'dispatcherServlet'
2020-04-02 12:44:37.099  INFO 7712 --- [http-nio-8080-exec-1] o.s.web.servlet.DispatcherServlet        : Initializing Servlet 'dispatcherServlet'
2020-04-02 12:44:37.104  INFO 7712 --- [http-nio-8080-exec-1] o.s.web.servlet.DispatcherServlet        : Completed initialization in 5 ms
2020-04-02 12:45:30.714  INFO 13872 --- [main] b.a.project.application.Application      : Starting Application on WKS11918 with PID 13872 (C:\_development\switchfully\eurder\jar\target\classes started by Adrien.Helin in C:\_development\switchfully\eurder)
2020-04-02 12:45:30.717  INFO 13872 --- [main] b.a.project.application.Application      : No active profile set, falling back to default profiles: default
2020-04-02 12:45:31.398  INFO 13872 --- [main] o.s.b.w.embedded.tomcat.TomcatWebServer  : Tomcat initialized with port(s): 8080 (http)
2020-04-02 12:45:31.404  INFO 13872 --- [main] o.apache.catalina.core.StandardService   : Starting service [Tomcat]
2020-04-02 12:45:31.404  INFO 13872 --- [main] org.apache.catalina.core.StandardEngine  : Starting Servlet engine: [Apache Tomcat/9.0.31]
2020-04-02 12:45:31.463  INFO 13872 --- [main] o.a.c.c.C.[Tomcat].[localhost].[/api]    : Initializing Spring embedded WebApplicationContext
2020-04-02 12:45:31.464  INFO 13872 --- [main] o.s.web.context.ContextLoader            : Root WebApplicationContext: initialization completed in 710 ms
2020-04-02 12:45:31.621  INFO 13872 --- [main] o.s.s.web.DefaultSecurityFilterChain     : Creating filter chain: any request, [org.springframework.security.web.context.request.async.WebAsyncManagerIntegrationFilter@6e0c6a7a, org.springframework.security.web.context.SecurityContextPersistenceFilter@26dc9bd5, org.springframework.security.web.header.HeaderWriterFilter@4fc3c165, org.springframework.security.web.authentication.logout.LogoutFilter@2f5ac102, org.springframework.security.web.authentication.www.BasicAuthenticationFilter@5e5af8e1, org.springframework.security.web.savedrequest.RequestCacheAwareFilter@43045f9f, org.springframework.security.web.servletapi.SecurityContextHolderAwareRequestFilter@9596ce8, org.springframework.security.web.authentication.AnonymousAuthenticationFilter@467b684d, org.springframework.security.web.session.SessionManagementFilter@102ecc22, org.springframework.security.web.access.ExceptionTranslationFilter@e5cbff2, org.springframework.security.web.access.intercept.FilterSecurityInterceptor@7fdab70c]
2020-04-02 12:45:31.676  INFO 13872 --- [main] o.s.s.concurrent.ThreadPoolTaskExecutor  : Initializing ExecutorService 'applicationTaskExecutor'
2020-04-02 12:45:31.874  INFO 13872 --- [main] o.s.b.w.embedded.tomcat.TomcatWebServer  : Tomcat started on port(s): 8080 (http) with context path '/api'
2020-04-02 12:45:31.877  INFO 13872 --- [main] b.a.project.application.Application      : Started Application in 1.45 seconds (JVM running for 1.913)
2020-04-02 12:45:35.594  INFO 13872 --- [http-nio-8080-exec-1] o.a.c.c.C.[Tomcat].[localhost].[/api]    : Initializing Spring DispatcherServlet 'dispatcherServlet'
2020-04-02 12:45:35.595  INFO 13872 --- [http-nio-8080-exec-1] o.s.web.servlet.DispatcherServlet        : Initializing Servlet 'dispatcherServlet'
2020-04-02 12:45:35.600  INFO 13872 --- [http-nio-8080-exec-1] o.s.web.servlet.DispatcherServlet        : Completed initialization in 5 ms
2020-04-02 12:46:35.409  INFO 13748 --- [main] b.a.project.application.Application      : Starting Application on WKS11918 with PID 13748 (C:\_development\switchfully\eurder\jar\target\classes started by Adrien.Helin in C:\_development\switchfully\eurder)
2020-04-02 12:46:35.412  INFO 13748 --- [main] b.a.project.application.Application      : No active profile set, falling back to default profiles: default
2020-04-02 12:46:36.085  INFO 13748 --- [main] o.s.b.w.embedded.tomcat.TomcatWebServer  : Tomcat initialized with port(s): 8080 (http)
2020-04-02 12:46:36.091  INFO 13748 --- [main] o.apache.catalina.core.StandardService   : Starting service [Tomcat]
2020-04-02 12:46:36.091  INFO 13748 --- [main] org.apache.catalina.core.StandardEngine  : Starting Servlet engine: [Apache Tomcat/9.0.31]
2020-04-02 12:46:36.148  INFO 13748 --- [main] o.a.c.c.C.[Tomcat].[localhost].[/api]    : Initializing Spring embedded WebApplicationContext
2020-04-02 12:46:36.148  INFO 13748 --- [main] o.s.web.context.ContextLoader            : Root WebApplicationContext: initialization completed in 699 ms
2020-04-02 12:46:36.303  INFO 13748 --- [main] o.s.s.web.DefaultSecurityFilterChain     : Creating filter chain: any request, [org.springframework.security.web.context.request.async.WebAsyncManagerIntegrationFilter@7fe82967, org.springframework.security.web.context.SecurityContextPersistenceFilter@102ecc22, org.springframework.security.web.header.HeaderWriterFilter@e5cbff2, org.springframework.security.web.authentication.logout.LogoutFilter@cdb2d95, org.springframework.security.web.authentication.www.BasicAuthenticationFilter@6cff61fc, org.springframework.security.web.savedrequest.RequestCacheAwareFilter@26dc9bd5, org.springframework.security.web.servletapi.SecurityContextHolderAwareRequestFilter@26f46fa6, org.springframework.security.web.authentication.AnonymousAuthenticationFilter@50850539, org.springframework.security.web.session.SessionManagementFilter@433348bc, org.springframework.security.web.access.ExceptionTranslationFilter@2127e66e, org.springframework.security.web.access.intercept.FilterSecurityInterceptor@3c3a0032]
2020-04-02 12:46:36.357  INFO 13748 --- [main] o.s.s.concurrent.ThreadPoolTaskExecutor  : Initializing ExecutorService 'applicationTaskExecutor'
2020-04-02 12:46:36.562  INFO 13748 --- [main] o.s.b.w.embedded.tomcat.TomcatWebServer  : Tomcat started on port(s): 8080 (http) with context path '/api'
2020-04-02 12:46:36.565  INFO 13748 --- [main] b.a.project.application.Application      : Started Application in 1.429 seconds (JVM running for 1.863)
2020-04-02 12:46:46.458  INFO 13748 --- [http-nio-8080-exec-1] o.a.c.c.C.[Tomcat].[localhost].[/api]    : Initializing Spring DispatcherServlet 'dispatcherServlet'
2020-04-02 12:46:46.459  INFO 13748 --- [http-nio-8080-exec-1] o.s.web.servlet.DispatcherServlet        : Initializing Servlet 'dispatcherServlet'
2020-04-02 12:46:46.466  INFO 13748 --- [http-nio-8080-exec-1] o.s.web.servlet.DispatcherServlet        : Completed initialization in 7 ms
2020-04-02 13:27:57.408  INFO 8008 --- [main] b.a.project.application.Application      : Starting Application on WKS11918 with PID 8008 (C:\_development\switchfully\eurder\jar\target\classes started by Adrien.Helin in C:\_development\switchfully\eurder)
2020-04-02 13:27:57.409  INFO 8008 --- [main] b.a.project.application.Application      : No active profile set, falling back to default profiles: default
2020-04-02 13:27:58.089  INFO 8008 --- [main] o.s.b.w.embedded.tomcat.TomcatWebServer  : Tomcat initialized with port(s): 8080 (http)
2020-04-02 13:27:58.094  INFO 8008 --- [main] o.apache.catalina.core.StandardService   : Starting service [Tomcat]
2020-04-02 13:27:58.095  INFO 8008 --- [main] org.apache.catalina.core.StandardEngine  : Starting Servlet engine: [Apache Tomcat/9.0.31]
2020-04-02 13:27:58.147  INFO 8008 --- [main] o.a.c.c.C.[Tomcat].[localhost].[/api]    : Initializing Spring embedded WebApplicationContext
2020-04-02 13:27:58.148  INFO 8008 --- [main] o.s.web.context.ContextLoader            : Root WebApplicationContext: initialization completed in 706 ms
2020-04-02 13:27:58.305  INFO 8008 --- [main] o.s.s.web.DefaultSecurityFilterChain     : Creating filter chain: any request, [org.springframework.security.web.context.request.async.WebAsyncManagerIntegrationFilter@7bc44ce8, org.springframework.security.web.context.SecurityContextPersistenceFilter@10a0fe30, org.springframework.security.web.header.HeaderWriterFilter@17f2dd85, org.springframework.security.web.authentication.logout.LogoutFilter@2849434b, org.springframework.security.web.authentication.www.BasicAuthenticationFilter@25ad4f71, org.springframework.security.web.savedrequest.RequestCacheAwareFilter@60f70249, org.springframework.security.web.servletapi.SecurityContextHolderAwareRequestFilter@6d1dcdff, org.springframework.security.web.authentication.AnonymousAuthenticationFilter@59072e9d, org.springframework.security.web.session.SessionManagementFilter@51c959a4, org.springframework.security.web.access.ExceptionTranslationFilter@4a734c04, org.springframework.security.web.access.intercept.FilterSecurityInterceptor@68d7a2df]
2020-04-02 13:27:58.354  INFO 8008 --- [main] o.s.s.concurrent.ThreadPoolTaskExecutor  : Initializing ExecutorService 'applicationTaskExecutor'
2020-04-02 13:27:58.551  INFO 8008 --- [main] o.s.b.w.embedded.tomcat.TomcatWebServer  : Tomcat started on port(s): 8080 (http) with context path '/api'
2020-04-02 13:27:58.554  INFO 8008 --- [main] b.a.project.application.Application      : Started Application in 1.366 seconds (JVM running for 1.784)
2020-04-02 13:28:05.157  INFO 8008 --- [http-nio-8080-exec-1] o.a.c.c.C.[Tomcat].[localhost].[/api]    : Initializing Spring DispatcherServlet 'dispatcherServlet'
2020-04-02 13:28:05.158  INFO 8008 --- [http-nio-8080-exec-1] o.s.web.servlet.DispatcherServlet        : Initializing Servlet 'dispatcherServlet'
2020-04-02 13:28:05.163  INFO 8008 --- [http-nio-8080-exec-1] o.s.web.servlet.DispatcherServlet        : Completed initialization in 5 ms
2020-04-02 13:28:05.190  INFO 8008 --- [http-nio-8080-exec-1] b.a.p.a.controllers.CustomerController   : Someone is trying to access your data.
